client:789 [vite] connecting...
client:912 [vite] connected.
NestedComponent.svelte?t=1748803334240:18 NestedComponent executing
runtime.js?t=1748803334240:433 update_reaction {info: {…}, tree: {…}, parents: Array(20)}
runtime.js?t=1748803334240:900 get() signal {f: 0, v: true, reactions: null, rv: 0, equals: ƒ, …}
runtime.js?t=1748803334240:903 get() signal active_reaction {info: {…}, tree: {…}, parents: Array(20)}
if.js?t=1748803334240:60 update_branch true {previousCondition: Symbol(), conditionChanged: true, hasConsequentEffect: false, hasAlternateEffect: false, fn: ƒ}
runtime.js?t=1748803334240:433 update_reaction {info: {…}, tree: {…}, parents: Array(21)}
runtime.js?t=1748803334240:433 update_reaction {info: {…}, tree: {…}, parents: Array(22)}
runtime.js?t=1748803334240:900 get() signal {f: 0, v: true, reactions: null, rv: 25, equals: ƒ, …}
runtime.js?t=1748803334240:903 get() signal active_reaction {info: {…}, tree: {…}, parents: Array(22)}
runtime.js?t=1748803334240:433 update_reaction {info: {…}, tree: {…}, parents: Array(20)}
runtime.js?t=1748803334240:900 get() signal {f: 0, v: true, reactions: Array(2), rv: 27, equals: ƒ, …}
runtime.js?t=1748803334240:903 get() signal active_reaction {info: {…}, tree: {…}, parents: Array(20)}
if.js?t=1748803334240:60 update_branch true {previousCondition: Symbol(), conditionChanged: true, hasConsequentEffect: false, hasAlternateEffect: false, fn: ƒ}
runtime.js?t=1748803334240:433 update_reaction {info: {…}, tree: {…}, parents: Array(21)}
runtime.js?t=1748803334240:433 update_reaction {info: {…}, tree: {…}, parents: Array(22)}
runtime.js?t=1748803334240:900 get() signal {f: 0, v: true, reactions: Array(2), rv: 29, equals: ƒ, …}
runtime.js?t=1748803334240:903 get() signal active_reaction {info: {…}, tree: {…}, parents: Array(22)}
runtime.js?t=1748803334240:804 process_effects {info: {…}, tree: {…}, parents: Array(20)}
runtime.js?t=1748803334240:433 update_reaction {info: {…}, tree: {…}, parents: Array(20)}
runtime.js?t=1748803334240:900 get() signal {f: 0, v: false, reactions: Array(4), rv: 31, equals: ƒ, …}
runtime.js?t=1748803334240:903 get() signal active_reaction {info: {…}, tree: {…}, parents: Array(20)}
runtime.js?t=1748803334240:804 process_effects {info: {…}, tree: {…}, parents: Array(20)}
runtime.js?t=1748803334240:433 update_reaction {info: {…}, tree: {…}, parents: Array(20)}
runtime.js?t=1748803334240:900 get() signal {f: 0, v: false, reactions: Array(3), rv: 61, equals: ƒ, …}
runtime.js?t=1748803334240:903 get() signal active_reaction {info: {…}, tree: {…}, parents: Array(20)}
runtime.js?t=1748803334240:804 process_effects {info: {…}, tree: {…}, parents: Array(20)}
runtime.js?t=1748803334240:433 update_reaction {info: {…}, tree: {…}, parents: Array(20)}
runtime.js?t=1748803334240:900 get() signal {f: 0, v: true, reactions: Array(2), rv: 62, equals: ƒ, …}
runtime.js?t=1748803334240:903 get() signal active_reaction {info: {…}, tree: {…}, parents: Array(20)}
if.js?t=1748803334240:60 update_branch true {previousCondition: null, conditionChanged: true, hasConsequentEffect: false, hasAlternateEffect: false, fn: ƒ}
runtime.js?t=1748803334240:433 update_reaction {info: {…}, tree: {…}, parents: Array(21)}
runtime.js?t=1748803334240:433 update_reaction {info: {…}, tree: {…}, parents: Array(22)}
runtime.js?t=1748803334240:900 get() signal {f: 0, v: true, reactions: Array(2), rv: 63, equals: ƒ, …}
runtime.js?t=1748803334240:903 get() signal active_reaction {info: {…}, tree: {…}, parents: Array(22)}
runtime.js?t=1748803334240:804 process_effects {info: {…}, tree: {…}, parents: Array(21)}
runtime.js?t=1748803334240:804 process_effects {info: {…}, tree: {…}, parents: Array(20)}
runtime.js?t=1748803334240:433 update_reaction {info: {…}, tree: {…}, parents: Array(20)}
runtime.js?t=1748803334240:900 get() signal {f: 0, v: true, reactions: Array(3), rv: 65, equals: ƒ, …}
runtime.js?t=1748803334240:903 get() signal active_reaction {info: {…}, tree: {…}, parents: Array(20)}
if.js?t=1748803334240:60 update_branch true {previousCondition: null, conditionChanged: true, hasConsequentEffect: false, hasAlternateEffect: false, fn: ƒ}
runtime.js?t=1748803334240:433 update_reaction {info: {…}, tree: {…}, parents: Array(21)}
runtime.js?t=1748803334240:433 update_reaction {info: {…}, tree: {…}, parents: Array(22)}
runtime.js?t=1748803334240:900 get() signal {f: 0, v: true, reactions: Array(3), rv: 67, equals: ƒ, …}
runtime.js?t=1748803334240:903 get() signal active_reaction {info: {…}, tree: {…}, parents: Array(22)}
runtime.js?t=1748803334240:804 process_effects {info: {…}, tree: {…}, parents: Array(21)}
runtime.js?t=1748803334240:804 process_effects {info: {…}, tree: {…}, parents: Array(20)}
runtime.js?t=1748803334240:433 update_reaction {info: {…}, tree: {…}, parents: Array(20)}
runtime.js?t=1748803334240:900 get() signal {f: 0, v: false, reactions: Array(4), rv: 69, equals: ƒ, …}
runtime.js?t=1748803334240:903 get() signal active_reaction {info: {…}, tree: {…}, parents: Array(20)}
runtime.js?t=1748803334240:804 process_effects {info: {…}, tree: {…}, parents: Array(20)}
runtime.js?t=1748803334240:433 update_reaction {info: {…}, tree: {…}, parents: Array(20)}
runtime.js?t=1748803334240:900 get() signal {f: 0, v: false, reactions: Array(3), rv: 71, equals: ƒ, …}
runtime.js?t=1748803334240:903 get() signal active_reaction {info: {…}, tree: {…}, parents: Array(20)}
runtime.js?t=1748803334240:804 process_effects {info: {…}, tree: {…}, parents: Array(20)}
runtime.js?t=1748803334240:433 update_reaction {info: {…}, tree: {…}, parents: Array(20)}
runtime.js?t=1748803334240:900 get() signal {f: 0, v: true, reactions: Array(2), rv: 72, equals: ƒ, …}
runtime.js?t=1748803334240:903 get() signal active_reaction {info: {…}, tree: {…}, parents: Array(20)}
if.js?t=1748803334240:60 update_branch true {previousCondition: null, conditionChanged: true, hasConsequentEffect: false, hasAlternateEffect: false, fn: ƒ}
runtime.js?t=1748803334240:433 update_reaction {info: {…}, tree: {…}, parents: Array(21)}
runtime.js?t=1748803334240:433 update_reaction {info: {…}, tree: {…}, parents: Array(22)}
runtime.js?t=1748803334240:900 get() signal {f: 0, v: true, reactions: Array(2), rv: 73, equals: ƒ, …}
runtime.js?t=1748803334240:903 get() signal active_reaction {info: {…}, tree: {…}, parents: Array(22)}
runtime.js?t=1748803334240:804 process_effects {info: {…}, tree: {…}, parents: Array(21)}
runtime.js?t=1748803334240:804 process_effects {info: {…}, tree: {…}, parents: Array(20)}
runtime.js?t=1748803334240:433 update_reaction {info: {…}, tree: {…}, parents: Array(20)}
runtime.js?t=1748803334240:900 get() signal {f: 0, v: true, reactions: Array(3), rv: 75, equals: ƒ, …}
runtime.js?t=1748803334240:903 get() signal active_reaction {info: {…}, tree: {…}, parents: Array(20)}
if.js?t=1748803334240:60 update_branch true {previousCondition: null, conditionChanged: true, hasConsequentEffect: false, hasAlternateEffect: false, fn: ƒ}
runtime.js?t=1748803334240:433 update_reaction {info: {…}, tree: {…}, parents: Array(21)}
runtime.js?t=1748803334240:433 update_reaction {info: {…}, tree: {…}, parents: Array(22)}
runtime.js?t=1748803334240:900 get() signal {f: 0, v: true, reactions: Array(3), rv: 77, equals: ƒ, …}
runtime.js?t=1748803334240:903 get() signal active_reaction {info: {…}, tree: {…}, parents: Array(22)}
runtime.js?t=1748803334240:804 process_effects {info: {…}, tree: {…}, parents: Array(21)}
runtime.js?t=1748803334240:804 process_effects {info: {…}, tree: {…}, parents: Array(20)}
runtime.js?t=1748803334240:433 update_reaction {info: {…}, tree: {…}, parents: Array(20)}
runtime.js?t=1748803334240:900 get() signal {f: 0, v: false, reactions: Array(4), rv: 79, equals: ƒ, …}
runtime.js?t=1748803334240:903 get() signal active_reaction {info: {…}, tree: {…}, parents: Array(20)}
runtime.js?t=1748803334240:804 process_effects {info: {…}, tree: {…}, parents: Array(20)}
runtime.js?t=1748803334240:433 update_reaction {info: {…}, tree: {…}, parents: Array(20)}
runtime.js?t=1748803334240:900 get() signal {f: 0, v: false, reactions: Array(3), rv: 81, equals: ƒ, …}
runtime.js?t=1748803334240:903 get() signal active_reaction {info: {…}, tree: {…}, parents: Array(20)}
runtime.js?t=1748803334240:804 process_effects {info: {…}, tree: {…}, parents: Array(20)}
runtime.js?t=1748803334240:433 update_reaction {info: {…}, tree: {…}, parents: Array(20)}
runtime.js?t=1748803334240:900 get() signal {f: 0, v: true, reactions: Array(2), rv: 82, equals: ƒ, …}
runtime.js?t=1748803334240:903 get() signal active_reaction {info: {…}, tree: {…}, parents: Array(20)}
if.js?t=1748803334240:60 update_branch true {previousCondition: null, conditionChanged: true, hasConsequentEffect: false, hasAlternateEffect: false, fn: ƒ}
runtime.js?t=1748803334240:433 update_reaction {info: {…}, tree: {…}, parents: Array(21)}
runtime.js?t=1748803334240:433 update_reaction {info: {…}, tree: {…}, parents: Array(22)}
runtime.js?t=1748803334240:900 get() signal {f: 0, v: true, reactions: Array(2), rv: 83, equals: ƒ, …}
runtime.js?t=1748803334240:903 get() signal active_reaction {info: {…}, tree: {…}, parents: Array(22)}
runtime.js?t=1748803334240:804 process_effects {info: {…}, tree: {…}, parents: Array(21)}
runtime.js?t=1748803334240:804 process_effects {info: {…}, tree: {…}, parents: Array(20)}
runtime.js?t=1748803334240:433 update_reaction {info: {…}, tree: {…}, parents: Array(20)}
runtime.js?t=1748803334240:900 get() signal {f: 0, v: true, reactions: Array(3), rv: 85, equals: ƒ, …}
runtime.js?t=1748803334240:903 get() signal active_reaction {info: {…}, tree: {…}, parents: Array(20)}
if.js?t=1748803334240:60 update_branch true {previousCondition: null, conditionChanged: true, hasConsequentEffect: false, hasAlternateEffect: false, fn: ƒ}
runtime.js?t=1748803334240:433 update_reaction {info: {…}, tree: {…}, parents: Array(21)}
runtime.js?t=1748803334240:433 update_reaction {info: {…}, tree: {…}, parents: Array(22)}
runtime.js?t=1748803334240:900 get() signal {f: 0, v: true, reactions: Array(3), rv: 87, equals: ƒ, …}
runtime.js?t=1748803334240:903 get() signal active_reaction {info: {…}, tree: {…}, parents: Array(22)}
runtime.js?t=1748803334240:804 process_effects {info: {…}, tree: {…}, parents: Array(21)}
